0 info it worked if it ends with ok
1 verbose cli [ '/usr/bin/node', '/usr/bin/npm', '-g', 'uninstall', 'jslint' ]
2 info using npm@1.4.28
3 info using node@v0.10.37
4 verbose node symlink /usr/bin/node
5 verbose lib/node_modules/jslint unbuild
6 info preuninstall jslint@0.9.6
7 info uninstall jslint@0.9.6
8 verbose true,/usr/lib/node_modules,/usr/lib/node_modules unbuild jslint@0.9.6
9 verbose /usr/bin,[object Object] binRoot
10 error Error: EACCES, unlink '/usr/bin/jslint'
10 error  { [Error: EACCES, unlink '/usr/bin/jslint'] errno: 3, code: 'EACCES', path: '/usr/bin/jslint' }
11 error Please try running this command again as root/Administrator.
12 error System Linux 3.19.0-56-generic
13 error command "/usr/bin/node" "/usr/bin/npm" "-g" "uninstall" "jslint"
14 error cwd /home/rob/Documents/GeneralAssembly/W4/starter_code
15 error node -v v0.10.37
16 error npm -v 1.4.28
17 error path /usr/bin/jslint
18 error code EACCES
19 error errno 3
20 error stack Error: EACCES, unlink '/usr/bin/jslint'
21 verbose exit [ 3, true ]
